[2025-11-29 22:20:16,103] Polynomial.java:155 [INFO] -------------------------------------------------------------
[2025-11-29 22:20:16,105] Polynomial.java:156 [INFO]   다항식(Polynomial) p1 생성
[2025-11-29 22:20:16,106] Polynomial.java:157 [INFO] -------------------------------------------------------------
[2025-11-29 22:20:16,106] Polynomial.java:158 [INFO]           Polynomial: 7X^2 + 2X
[2025-11-29 22:20:16,106] Polynomial.java:159 [INFO]               Degree: 2
[2025-11-29 22:20:16,106] Polynomial.java:160 [INFO]            TermCount: 2
[2025-11-29 22:20:16,106] Polynomial.java:161 [INFO]         Terms(Array): [[7, 2], [2, 1]]
[2025-11-29 22:20:16,107] Polynomial.java:162 [INFO]     Polynomial(ref.): org.likebnb.ds.apps.Polynomial@2d3379b4
[2025-11-29 22:20:16,107] Polynomial.java:163 [INFO]          Terms(ref.): [org.likebnb.ds.apps.Term@30c15d8b, org.likebnb.ds.apps.Term@5e0e82ae]
[2025-11-29 22:20:16,109] Polynomial.java:164 [INFO] -------------------------------------------------------------

[2025-11-29 22:20:16,118] Polynomial.java: 62 [WARN] 입력하신 위치(-1)는 배열의 첨자 범위(2)를 벗어납니다.
java.lang.ArrayIndexOutOfBoundsException: Index -1 out of bounds for length 2
	at org.likebnb.ds.apps.Polynomial.removeTerm(Polynomial.java:59)
	at org.likebnb.ds.apps.PolynomialTest.testCase02(PolynomialTest.java:41)
	at java.base/jdk.internal.reflect.DirectMethodHandleAccessor.invoke(DirectMethodHandleAccessor.java:103)
	at java.base/java.lang.reflect.Method.invoke(Method.java:580)
	at org.junit.platform.commons.util.ReflectionUtils.invokeMethod(ReflectionUtils.java:728)
	at org.junit.jupiter.engine.execution.MethodInvocation.proceed(MethodInvocation.java:60)
	at org.junit.jupiter.engine.execution.InvocationInterceptorChain$ValidatingInvocation.proceed(InvocationInterceptorChain.java:131)
	at org.junit.jupiter.engine.extension.TimeoutExtension.intercept(TimeoutExtension.java:156)
	at org.junit.jupiter.engine.extension.TimeoutExtension.interceptTestableMethod(TimeoutExtension.java:147)
	at org.junit.jupiter.engine.extension.TimeoutExtension.interceptTestMethod(TimeoutExtension.java:86)
	at org.junit.jupiter.engine.execution.InterceptingExecutableInvoker$ReflectiveInterceptorCall.lambda$ofVoidMethod$0(InterceptingExecutableInvoker.java:103)
	at org.junit.jupiter.engine.execution.InterceptingExecutableInvoker.lambda$invoke$0(InterceptingExecutableInvoker.java:93)
	at org.junit.jupiter.engine.execution.InvocationInterceptorChain$InterceptedInvocation.proceed(InvocationInterceptorChain.java:106)
	at org.junit.jupiter.engine.execution.InvocationInterceptorChain.proceed(InvocationInterceptorChain.java:64)
	at org.junit.jupiter.engine.execution.InvocationInterceptorChain.chainAndInvoke(InvocationInterceptorChain.java:45)
	at org.junit.jupiter.engine.execution.InvocationInterceptorChain.invoke(InvocationInterceptorChain.java:37)
	at org.junit.jupiter.engine.execution.InterceptingExecutableInvoker.invoke(InterceptingExecutableInvoker.java:92)
	at org.junit.jupiter.engine.execution.InterceptingExecutableInvoker.invoke(InterceptingExecutableInvoker.java:86)
	at org.junit.jupiter.engine.descriptor.TestMethodTestDescriptor.lambda$invokeTestMethod$7(TestMethodTestDescriptor.java:218)
	at org.junit.platform.engine.support.hierarchical.ThrowableCollector.execute(ThrowableCollector.java:73)
	at org.junit.jupiter.engine.descriptor.TestMethodTestDescriptor.invokeTestMethod(TestMethodTestDescriptor.java:214)
	at org.junit.jupiter.engine.descriptor.TestMethodTestDescriptor.execute(TestMethodTestDescriptor.java:139)
	at org.junit.jupiter.engine.descriptor.TestMethodTestDescriptor.execute(TestMethodTestDescriptor.java:69)
	at org.junit.platform.engine.support.hierarchical.NodeTestTask.lambda$executeRecursively$6(NodeTestTask.java:151)
	at org.junit.platform.engine.support.hierarchical.ThrowableCollector.execute(ThrowableCollector.java:73)
	at org.junit.platform.engine.support.hierarchical.NodeTestTask.lambda$executeRecursively$8(NodeTestTask.java:141)
	at org.junit.platform.engine.support.hierarchical.Node.around(Node.java:137)
	at org.junit.platform.engine.support.hierarchical.NodeTestTask.lambda$executeRecursively$9(NodeTestTask.java:139)
	at org.junit.platform.engine.support.hierarchical.ThrowableCollector.execute(ThrowableCollector.java:73)
	at org.junit.platform.engine.support.hierarchical.NodeTestTask.executeRecursively(NodeTestTask.java:138)
	at org.junit.platform.engine.support.hierarchical.NodeTestTask.execute(NodeTestTask.java:95)
	at java.base/java.util.ArrayList.forEach(ArrayList.java:1596)
	at org.junit.platform.engine.support.hierarchical.SameThreadHierarchicalTestExecutorService.invokeAll(SameThreadHierarchicalTestExecutorService.java:41)
	at org.junit.platform.engine.support.hierarchical.NodeTestTask.lambda$executeRecursively$6(NodeTestTask.java:155)
	at org.junit.platform.engine.support.hierarchical.ThrowableCollector.execute(ThrowableCollector.java:73)
	at org.junit.platform.engine.support.hierarchical.NodeTestTask.lambda$executeRecursively$8(NodeTestTask.java:141)
	at org.junit.platform.engine.support.hierarchical.Node.around(Node.java:137)
	at org.junit.platform.engine.support.hierarchical.NodeTestTask.lambda$executeRecursively$9(NodeTestTask.java:139)
	at org.junit.platform.engine.support.hierarchical.ThrowableCollector.execute(ThrowableCollector.java:73)
	at org.junit.platform.engine.support.hierarchical.NodeTestTask.executeRecursively(NodeTestTask.java:138)
	at org.junit.platform.engine.support.hierarchical.NodeTestTask.execute(NodeTestTask.java:95)
	at java.base/java.util.ArrayList.forEach(ArrayList.java:1596)
	at org.junit.platform.engine.support.hierarchical.SameThreadHierarchicalTestExecutorService.invokeAll(SameThreadHierarchicalTestExecutorService.java:41)
	at org.junit.platform.engine.support.hierarchical.NodeTestTask.lambda$executeRecursively$6(NodeTestTask.java:155)
	at org.junit.platform.engine.support.hierarchical.ThrowableCollector.execute(ThrowableCollector.java:73)
	at org.junit.platform.engine.support.hierarchical.NodeTestTask.lambda$executeRecursively$8(NodeTestTask.java:141)
	at org.junit.platform.engine.support.hierarchical.Node.around(Node.java:137)
	at org.junit.platform.engine.support.hierarchical.NodeTestTask.lambda$executeRecursively$9(NodeTestTask.java:139)
	at org.junit.platform.engine.support.hierarchical.ThrowableCollector.execute(ThrowableCollector.java:73)
	at org.junit.platform.engine.support.hierarchical.NodeTestTask.executeRecursively(NodeTestTask.java:138)
	at org.junit.platform.engine.support.hierarchical.NodeTestTask.execute(NodeTestTask.java:95)
	at org.junit.platform.engine.support.hierarchical.SameThreadHierarchicalTestExecutorService.submit(SameThreadHierarchicalTestExecutorService.java:35)
	at org.junit.platform.engine.support.hierarchical.HierarchicalTestExecutor.execute(HierarchicalTestExecutor.java:57)
	at org.junit.platform.engine.support.hierarchical.HierarchicalTestEngine.execute(HierarchicalTestEngine.java:54)
	at org.junit.platform.launcher.core.EngineExecutionOrchestrator.execute(EngineExecutionOrchestrator.java:198)
	at org.junit.platform.launcher.core.EngineExecutionOrchestrator.execute(EngineExecutionOrchestrator.java:169)
	at org.junit.platform.launcher.core.EngineExecutionOrchestrator.execute(EngineExecutionOrchestrator.java:93)
	at org.junit.platform.launcher.core.EngineExecutionOrchestrator.lambda$execute$0(EngineExecutionOrchestrator.java:58)
	at org.junit.platform.launcher.core.EngineExecutionOrchestrator.withInterceptedStreams(EngineExecutionOrchestrator.java:141)
	at org.junit.platform.launcher.core.EngineExecutionOrchestrator.execute(EngineExecutionOrchestrator.java:57)
	at org.junit.platform.launcher.core.DefaultLauncher.execute(DefaultLauncher.java:103)
	at org.junit.platform.launcher.core.DefaultLauncher.execute(DefaultLauncher.java:94)
	at org.junit.platform.launcher.core.DelegatingLauncher.execute(DelegatingLauncher.java:52)
	at org.junit.platform.launcher.core.SessionPerRequestLauncher.execute(SessionPerRequestLauncher.java:70)
	at org.eclipse.jdt.internal.junit5.runner.JUnit5TestReference.run(JUnit5TestReference.java:100)
	at org.eclipse.jdt.internal.junit.runner.TestExecution.run(TestExecution.java:40)
	at org.eclipse.jdt.internal.junit.runner.RemoteTestRunner.runTests(RemoteTestRunner.java:520)
	at org.eclipse.jdt.internal.junit.runner.RemoteTestRunner.runTests(RemoteTestRunner.java:748)
	at org.eclipse.jdt.internal.junit.runner.RemoteTestRunner.run(RemoteTestRunner.java:443)
	at org.eclipse.jdt.internal.junit.runner.RemoteTestRunner.main(RemoteTestRunner.java:211)
[2025-11-29 22:20:16,121] Polynomial.java:155 [INFO] -------------------------------------------------------------
[2025-11-29 22:20:16,121] Polynomial.java:156 [INFO]   다항식(Polynomial)에서 존재하지 않는 항 제거 시도 : p1.removeTerm(6)
[2025-11-29 22:20:16,121] Polynomial.java:157 [INFO] -------------------------------------------------------------
[2025-11-29 22:20:16,121] Polynomial.java:158 [INFO]           Polynomial: 7X^2 + 2X
[2025-11-29 22:20:16,121] Polynomial.java:159 [INFO]               Degree: 2
[2025-11-29 22:20:16,122] Polynomial.java:160 [INFO]            TermCount: 2
[2025-11-29 22:20:16,122] Polynomial.java:161 [INFO]         Terms(Array): [[7, 2], [2, 1]]
[2025-11-29 22:20:16,122] Polynomial.java:162 [INFO]     Polynomial(ref.): org.likebnb.ds.apps.Polynomial@2d3379b4
[2025-11-29 22:20:16,122] Polynomial.java:163 [INFO]          Terms(ref.): [org.likebnb.ds.apps.Term@30c15d8b, org.likebnb.ds.apps.Term@5e0e82ae]
[2025-11-29 22:20:16,122] Polynomial.java:164 [INFO] -------------------------------------------------------------

[2025-11-29 22:20:16,123] Polynomial.java:155 [INFO] -------------------------------------------------------------
[2025-11-29 22:20:16,124] Polynomial.java:156 [INFO]   다항식(Polynomial)에서 항 제거 : p1.removeTerm(1)
[2025-11-29 22:20:16,124] Polynomial.java:157 [INFO] -------------------------------------------------------------
[2025-11-29 22:20:16,124] Polynomial.java:158 [INFO]           Polynomial: 7X^2
[2025-11-29 22:20:16,124] Polynomial.java:159 [INFO]               Degree: 2
[2025-11-29 22:20:16,124] Polynomial.java:160 [INFO]            TermCount: 1
[2025-11-29 22:20:16,124] Polynomial.java:161 [INFO]         Terms(Array): [[7, 2]]
[2025-11-29 22:20:16,124] Polynomial.java:162 [INFO]     Polynomial(ref.): org.likebnb.ds.apps.Polynomial@2d3379b4
[2025-11-29 22:20:16,124] Polynomial.java:163 [INFO]          Terms(ref.): [org.likebnb.ds.apps.Term@30c15d8b]
[2025-11-29 22:20:16,125] Polynomial.java:164 [INFO] -------------------------------------------------------------

[2025-11-29 22:20:16,125] Polynomial.java:155 [INFO] -------------------------------------------------------------
[2025-11-29 22:20:16,126] Polynomial.java:156 [INFO]   다항식(Polynomial) p2 생성
[2025-11-29 22:20:16,126] Polynomial.java:157 [INFO] -------------------------------------------------------------
[2025-11-29 22:20:16,126] Polynomial.java:158 [INFO]           Polynomial: 4X^3 + 3X^2 + 2
[2025-11-29 22:20:16,126] Polynomial.java:159 [INFO]               Degree: 3
[2025-11-29 22:20:16,126] Polynomial.java:160 [INFO]            TermCount: 3
[2025-11-29 22:20:16,126] Polynomial.java:161 [INFO]         Terms(Array): [[4, 3], [3, 2], [2, 0]]
[2025-11-29 22:20:16,126] Polynomial.java:162 [INFO]     Polynomial(ref.): org.likebnb.ds.apps.Polynomial@185a6e9
[2025-11-29 22:20:16,127] Polynomial.java:163 [INFO]          Terms(ref.): [org.likebnb.ds.apps.Term@6f03482, org.likebnb.ds.apps.Term@9d5509a, org.likebnb.ds.apps.Term@179ece50]
[2025-11-29 22:20:16,127] Polynomial.java:164 [INFO] -------------------------------------------------------------

[2025-11-29 22:20:16,128] Polynomial.java:155 [INFO] -------------------------------------------------------------
[2025-11-29 22:20:16,128] Polynomial.java:156 [INFO]   다항식(Polynomial)의 덧셈 p1 + p2
[2025-11-29 22:20:16,128] Polynomial.java:157 [INFO] -------------------------------------------------------------
[2025-11-29 22:20:16,128] Polynomial.java:158 [INFO]           Polynomial: 4X^3 + 10X^2 + 2
[2025-11-29 22:20:16,128] Polynomial.java:159 [INFO]               Degree: 3
[2025-11-29 22:20:16,129] Polynomial.java:160 [INFO]            TermCount: 3
[2025-11-29 22:20:16,129] Polynomial.java:161 [INFO]         Terms(Array): [[4, 3], [10, 2], [2, 0]]
[2025-11-29 22:20:16,129] Polynomial.java:162 [INFO]     Polynomial(ref.): org.likebnb.ds.apps.Polynomial@3b0090a4
[2025-11-29 22:20:16,129] Polynomial.java:163 [INFO]          Terms(ref.): [org.likebnb.ds.apps.Term@6f03482, org.likebnb.ds.apps.Term@3cd3e762, org.likebnb.ds.apps.Term@179ece50]
[2025-11-29 22:20:16,129] Polynomial.java:164 [INFO] -------------------------------------------------------------

[2025-11-29 22:39:34,833] HelloJavaWorldTest.java: 17 [INFO] 이 클래스가 생성되는 시점에 자동으로 실행
[2025-11-29 22:39:34,842] HelloJavaWorld.java: 10 [INFO] Hello Java World!
[2025-11-29 22:39:34,854] HelloJavaWorldTest.java: 22 [INFO] 모든 @Test 수행 후 마지막으로 실행되는 메쏘드
[2025-11-29 22:39:44,030] Polynomial.java:155 [INFO] -------------------------------------------------------------
[2025-11-29 22:39:44,033] Polynomial.java:156 [INFO]   다항식(Polynomial) p1 생성
[2025-11-29 22:39:44,034] Polynomial.java:157 [INFO] -------------------------------------------------------------
[2025-11-29 22:39:44,034] Polynomial.java:158 [INFO]           Polynomial: 7X^2 + 2X
[2025-11-29 22:39:44,034] Polynomial.java:159 [INFO]               Degree: 2
[2025-11-29 22:39:44,034] Polynomial.java:160 [INFO]            TermCount: 2
[2025-11-29 22:39:44,034] Polynomial.java:161 [INFO]         Terms(Array): [[7, 2], [2, 1]]
[2025-11-29 22:39:44,035] Polynomial.java:162 [INFO]     Polynomial(ref.): org.likebnb.ds.apps.Polynomial@74235045
[2025-11-29 22:39:44,035] Polynomial.java:163 [INFO]          Terms(ref.): [org.likebnb.ds.apps.Term@618b19ad, org.likebnb.ds.apps.Term@2d3379b4]
[2025-11-29 22:39:44,035] Polynomial.java:164 [INFO] -------------------------------------------------------------

[2025-11-29 22:39:44,046] Polynomial.java: 62 [WARN] 입력하신 위치(-1)는 배열의 첨자 범위(2)를 벗어납니다.
java.lang.ArrayIndexOutOfBoundsException: Index -1 out of bounds for length 2
	at org.likebnb.ds.apps.Polynomial.removeTerm(Polynomial.java:59)
	at org.likebnb.ds.apps.PolynomialTest.testCase02(PolynomialTest.java:41)
	at java.base/jdk.internal.reflect.DirectMethodHandleAccessor.invoke(DirectMethodHandleAccessor.java:103)
	at java.base/java.lang.reflect.Method.invoke(Method.java:580)
	at org.junit.platform.commons.util.ReflectionUtils.invokeMethod(ReflectionUtils.java:728)
	at org.junit.jupiter.engine.execution.MethodInvocation.proceed(MethodInvocation.java:60)
	at org.junit.jupiter.engine.execution.InvocationInterceptorChain$ValidatingInvocation.proceed(InvocationInterceptorChain.java:131)
	at org.junit.jupiter.engine.extension.TimeoutExtension.intercept(TimeoutExtension.java:156)
	at org.junit.jupiter.engine.extension.TimeoutExtension.interceptTestableMethod(TimeoutExtension.java:147)
	at org.junit.jupiter.engine.extension.TimeoutExtension.interceptTestMethod(TimeoutExtension.java:86)
	at org.junit.jupiter.engine.execution.InterceptingExecutableInvoker$ReflectiveInterceptorCall.lambda$ofVoidMethod$0(InterceptingExecutableInvoker.java:103)
	at org.junit.jupiter.engine.execution.InterceptingExecutableInvoker.lambda$invoke$0(InterceptingExecutableInvoker.java:93)
	at org.junit.jupiter.engine.execution.InvocationInterceptorChain$InterceptedInvocation.proceed(InvocationInterceptorChain.java:106)
	at org.junit.jupiter.engine.execution.InvocationInterceptorChain.proceed(InvocationInterceptorChain.java:64)
	at org.junit.jupiter.engine.execution.InvocationInterceptorChain.chainAndInvoke(InvocationInterceptorChain.java:45)
	at org.junit.jupiter.engine.execution.InvocationInterceptorChain.invoke(InvocationInterceptorChain.java:37)
	at org.junit.jupiter.engine.execution.InterceptingExecutableInvoker.invoke(InterceptingExecutableInvoker.java:92)
	at org.junit.jupiter.engine.execution.InterceptingExecutableInvoker.invoke(InterceptingExecutableInvoker.java:86)
	at org.junit.jupiter.engine.descriptor.TestMethodTestDescriptor.lambda$invokeTestMethod$7(TestMethodTestDescriptor.java:218)
	at org.junit.platform.engine.support.hierarchical.ThrowableCollector.execute(ThrowableCollector.java:73)
	at org.junit.jupiter.engine.descriptor.TestMethodTestDescriptor.invokeTestMethod(TestMethodTestDescriptor.java:214)
	at org.junit.jupiter.engine.descriptor.TestMethodTestDescriptor.execute(TestMethodTestDescriptor.java:139)
	at org.junit.jupiter.engine.descriptor.TestMethodTestDescriptor.execute(TestMethodTestDescriptor.java:69)
	at org.junit.platform.engine.support.hierarchical.NodeTestTask.lambda$executeRecursively$6(NodeTestTask.java:151)
	at org.junit.platform.engine.support.hierarchical.ThrowableCollector.execute(ThrowableCollector.java:73)
	at org.junit.platform.engine.support.hierarchical.NodeTestTask.lambda$executeRecursively$8(NodeTestTask.java:141)
	at org.junit.platform.engine.support.hierarchical.Node.around(Node.java:137)
	at org.junit.platform.engine.support.hierarchical.NodeTestTask.lambda$executeRecursively$9(NodeTestTask.java:139)
	at org.junit.platform.engine.support.hierarchical.ThrowableCollector.execute(ThrowableCollector.java:73)
	at org.junit.platform.engine.support.hierarchical.NodeTestTask.executeRecursively(NodeTestTask.java:138)
	at org.junit.platform.engine.support.hierarchical.NodeTestTask.execute(NodeTestTask.java:95)
	at java.base/java.util.ArrayList.forEach(ArrayList.java:1596)
	at org.junit.platform.engine.support.hierarchical.SameThreadHierarchicalTestExecutorService.invokeAll(SameThreadHierarchicalTestExecutorService.java:41)
	at org.junit.platform.engine.support.hierarchical.NodeTestTask.lambda$executeRecursively$6(NodeTestTask.java:155)
	at org.junit.platform.engine.support.hierarchical.ThrowableCollector.execute(ThrowableCollector.java:73)
	at org.junit.platform.engine.support.hierarchical.NodeTestTask.lambda$executeRecursively$8(NodeTestTask.java:141)
	at org.junit.platform.engine.support.hierarchical.Node.around(Node.java:137)
	at org.junit.platform.engine.support.hierarchical.NodeTestTask.lambda$executeRecursively$9(NodeTestTask.java:139)
	at org.junit.platform.engine.support.hierarchical.ThrowableCollector.execute(ThrowableCollector.java:73)
	at org.junit.platform.engine.support.hierarchical.NodeTestTask.executeRecursively(NodeTestTask.java:138)
	at org.junit.platform.engine.support.hierarchical.NodeTestTask.execute(NodeTestTask.java:95)
	at java.base/java.util.ArrayList.forEach(ArrayList.java:1596)
	at org.junit.platform.engine.support.hierarchical.SameThreadHierarchicalTestExecutorService.invokeAll(SameThreadHierarchicalTestExecutorService.java:41)
	at org.junit.platform.engine.support.hierarchical.NodeTestTask.lambda$executeRecursively$6(NodeTestTask.java:155)
	at org.junit.platform.engine.support.hierarchical.ThrowableCollector.execute(ThrowableCollector.java:73)
	at org.junit.platform.engine.support.hierarchical.NodeTestTask.lambda$executeRecursively$8(NodeTestTask.java:141)
	at org.junit.platform.engine.support.hierarchical.Node.around(Node.java:137)
	at org.junit.platform.engine.support.hierarchical.NodeTestTask.lambda$executeRecursively$9(NodeTestTask.java:139)
	at org.junit.platform.engine.support.hierarchical.ThrowableCollector.execute(ThrowableCollector.java:73)
	at org.junit.platform.engine.support.hierarchical.NodeTestTask.executeRecursively(NodeTestTask.java:138)
	at org.junit.platform.engine.support.hierarchical.NodeTestTask.execute(NodeTestTask.java:95)
	at org.junit.platform.engine.support.hierarchical.SameThreadHierarchicalTestExecutorService.submit(SameThreadHierarchicalTestExecutorService.java:35)
	at org.junit.platform.engine.support.hierarchical.HierarchicalTestExecutor.execute(HierarchicalTestExecutor.java:57)
	at org.junit.platform.engine.support.hierarchical.HierarchicalTestEngine.execute(HierarchicalTestEngine.java:54)
	at org.junit.platform.launcher.core.EngineExecutionOrchestrator.execute(EngineExecutionOrchestrator.java:198)
	at org.junit.platform.launcher.core.EngineExecutionOrchestrator.execute(EngineExecutionOrchestrator.java:169)
	at org.junit.platform.launcher.core.EngineExecutionOrchestrator.execute(EngineExecutionOrchestrator.java:93)
	at org.junit.platform.launcher.core.EngineExecutionOrchestrator.lambda$execute$0(EngineExecutionOrchestrator.java:58)
	at org.junit.platform.launcher.core.EngineExecutionOrchestrator.withInterceptedStreams(EngineExecutionOrchestrator.java:141)
	at org.junit.platform.launcher.core.EngineExecutionOrchestrator.execute(EngineExecutionOrchestrator.java:57)
	at org.junit.platform.launcher.core.DefaultLauncher.execute(DefaultLauncher.java:103)
	at org.junit.platform.launcher.core.DefaultLauncher.execute(DefaultLauncher.java:94)
	at org.junit.platform.launcher.core.DelegatingLauncher.execute(DelegatingLauncher.java:52)
	at org.junit.platform.launcher.core.SessionPerRequestLauncher.execute(SessionPerRequestLauncher.java:70)
	at org.eclipse.jdt.internal.junit5.runner.JUnit5TestReference.run(JUnit5TestReference.java:100)
	at org.eclipse.jdt.internal.junit.runner.TestExecution.run(TestExecution.java:40)
	at org.eclipse.jdt.internal.junit.runner.RemoteTestRunner.runTests(RemoteTestRunner.java:520)
	at org.eclipse.jdt.internal.junit.runner.RemoteTestRunner.runTests(RemoteTestRunner.java:748)
	at org.eclipse.jdt.internal.junit.runner.RemoteTestRunner.run(RemoteTestRunner.java:443)
	at org.eclipse.jdt.internal.junit.runner.RemoteTestRunner.main(RemoteTestRunner.java:211)
[2025-11-29 22:39:44,049] Polynomial.java:155 [INFO] -------------------------------------------------------------
[2025-11-29 22:39:44,049] Polynomial.java:156 [INFO]   다항식(Polynomial)에서 존재하지 않는 항 제거 시도 : p1.removeTerm(6)
[2025-11-29 22:39:44,049] Polynomial.java:157 [INFO] -------------------------------------------------------------
[2025-11-29 22:39:44,049] Polynomial.java:158 [INFO]           Polynomial: 7X^2 + 2X
[2025-11-29 22:39:44,049] Polynomial.java:159 [INFO]               Degree: 2
[2025-11-29 22:39:44,049] Polynomial.java:160 [INFO]            TermCount: 2
[2025-11-29 22:39:44,049] Polynomial.java:161 [INFO]         Terms(Array): [[7, 2], [2, 1]]
[2025-11-29 22:39:44,049] Polynomial.java:162 [INFO]     Polynomial(ref.): org.likebnb.ds.apps.Polynomial@74235045
[2025-11-29 22:39:44,051] Polynomial.java:163 [INFO]          Terms(ref.): [org.likebnb.ds.apps.Term@618b19ad, org.likebnb.ds.apps.Term@2d3379b4]
[2025-11-29 22:39:44,051] Polynomial.java:164 [INFO] -------------------------------------------------------------

[2025-11-29 22:39:44,052] Polynomial.java:155 [INFO] -------------------------------------------------------------
[2025-11-29 22:39:44,052] Polynomial.java:156 [INFO]   다항식(Polynomial)에서 항 제거 : p1.removeTerm(1)
[2025-11-29 22:39:44,052] Polynomial.java:157 [INFO] -------------------------------------------------------------
[2025-11-29 22:39:44,052] Polynomial.java:158 [INFO]           Polynomial: 7X^2
[2025-11-29 22:39:44,053] Polynomial.java:159 [INFO]               Degree: 2
[2025-11-29 22:39:44,053] Polynomial.java:160 [INFO]            TermCount: 1
[2025-11-29 22:39:44,053] Polynomial.java:161 [INFO]         Terms(Array): [[7, 2]]
[2025-11-29 22:39:44,053] Polynomial.java:162 [INFO]     Polynomial(ref.): org.likebnb.ds.apps.Polynomial@74235045
[2025-11-29 22:39:44,053] Polynomial.java:163 [INFO]          Terms(ref.): [org.likebnb.ds.apps.Term@618b19ad]
[2025-11-29 22:39:44,053] Polynomial.java:164 [INFO] -------------------------------------------------------------

[2025-11-29 22:39:44,054] Polynomial.java:155 [INFO] -------------------------------------------------------------
[2025-11-29 22:39:44,054] Polynomial.java:156 [INFO]   다항식(Polynomial) p2 생성
[2025-11-29 22:39:44,054] Polynomial.java:157 [INFO] -------------------------------------------------------------
[2025-11-29 22:39:44,054] Polynomial.java:158 [INFO]           Polynomial: 4X^3 + 3X^2 + 2
[2025-11-29 22:39:44,055] Polynomial.java:159 [INFO]               Degree: 3
[2025-11-29 22:39:44,055] Polynomial.java:160 [INFO]            TermCount: 3
[2025-11-29 22:39:44,055] Polynomial.java:161 [INFO]         Terms(Array): [[4, 3], [3, 2], [2, 0]]
[2025-11-29 22:39:44,055] Polynomial.java:162 [INFO]     Polynomial(ref.): org.likebnb.ds.apps.Polynomial@5bda8e08
[2025-11-29 22:39:44,055] Polynomial.java:163 [INFO]          Terms(ref.): [org.likebnb.ds.apps.Term@1e800aaa, org.likebnb.ds.apps.Term@185a6e9, org.likebnb.ds.apps.Term@6f03482]
[2025-11-29 22:39:44,055] Polynomial.java:164 [INFO] -------------------------------------------------------------

[2025-11-29 22:39:44,056] Polynomial.java:155 [INFO] -------------------------------------------------------------
[2025-11-29 22:39:44,056] Polynomial.java:156 [INFO]   다항식(Polynomial)의 덧셈 p1 + p2
[2025-11-29 22:39:44,056] Polynomial.java:157 [INFO] -------------------------------------------------------------
[2025-11-29 22:39:44,056] Polynomial.java:158 [INFO]           Polynomial: 4X^3 + 10X^2 + 2
[2025-11-29 22:39:44,057] Polynomial.java:159 [INFO]               Degree: 3
[2025-11-29 22:39:44,057] Polynomial.java:160 [INFO]            TermCount: 3
[2025-11-29 22:39:44,057] Polynomial.java:161 [INFO]         Terms(Array): [[4, 3], [10, 2], [2, 0]]
[2025-11-29 22:39:44,057] Polynomial.java:162 [INFO]     Polynomial(ref.): org.likebnb.ds.apps.Polynomial@9d5509a
[2025-11-29 22:39:44,057] Polynomial.java:163 [INFO]          Terms(ref.): [org.likebnb.ds.apps.Term@1e800aaa, org.likebnb.ds.apps.Term@179ece50, org.likebnb.ds.apps.Term@6f03482]
[2025-11-29 22:39:44,057] Polynomial.java:164 [INFO] -------------------------------------------------------------

[2025-11-29 23:09:25,377] PolynomialLinkedList.java: 31 [INFO] --------------------------------------
[2025-11-29 23:09:25,380] PolynomialLinkedList.java: 32 [INFO]  newNode: 3X^4
[2025-11-29 23:09:25,380] PolynomialLinkedList.java: 33 [INFO] --------------------------------------
[2025-11-29 23:09:25,381] PolynomialLinkedList.java: 74 [INFO] 1. prevNode(null), nextNode(null)
[2025-11-29 23:09:25,381] PolynomialLinkedList.java: 75 [INFO] 2. There is no term, termCount(0).
[2025-11-29 23:09:25,381] PolynomialLinkedList.java: 76 [INFO]     +---> append newNode(3X^4) after head
[2025-11-29 23:09:25,381] PolynomialLinkedList.java:131 [INFO] +Summarization of new Poly------------
[2025-11-29 23:09:25,382] PolynomialLinkedList.java:134 [INFO]      addTerm: 3X^4
[2025-11-29 23:09:25,382] PolynomialLinkedList.java:138 [INFO]    termCount: 1
[2025-11-29 23:09:25,382] PolynomialLinkedList.java:139 [INFO]       degree: 4
[2025-11-29 23:09:25,382] PolynomialLinkedList.java:140 [INFO]    polyTerms: [3, 4]
[2025-11-29 23:09:25,382] PolynomialLinkedList.java:141 [INFO] --------------------------------------

[2025-11-29 23:09:25,383] PolynomialLinkedList.java: 31 [INFO] --------------------------------------
[2025-11-29 23:09:25,383] PolynomialLinkedList.java: 32 [INFO]  newNode: 7
[2025-11-29 23:09:25,383] PolynomialLinkedList.java: 33 [INFO] --------------------------------------
[2025-11-29 23:09:25,383] PolynomialLinkedList.java: 38 [INFO] 1. prevNode(), nextNode(3X^4)
[2025-11-29 23:09:25,383] PolynomialLinkedList.java: 57 [INFO] 2. newNode(7) < nextNode(3X^4) and nextNode.getLink() is null
[2025-11-29 23:09:25,383] PolynomialLinkedList.java: 58 [INFO]     +---> append after nextNode(3X^4), because it's last!
[2025-11-29 23:09:25,384] PolynomialLinkedList.java:131 [INFO] +Summarization of new Poly------------
[2025-11-29 23:09:25,384] PolynomialLinkedList.java:134 [INFO]      addTerm: 7
[2025-11-29 23:09:25,384] PolynomialLinkedList.java:138 [INFO]    termCount: 2
[2025-11-29 23:09:25,384] PolynomialLinkedList.java:139 [INFO]       degree: 4
[2025-11-29 23:09:25,384] PolynomialLinkedList.java:140 [INFO]    polyTerms: [3, 4][7, 0]
[2025-11-29 23:09:25,384] PolynomialLinkedList.java:141 [INFO] --------------------------------------

[2025-11-29 23:09:25,384] PolynomialLinkedList.java: 31 [INFO] --------------------------------------
[2025-11-29 23:09:25,384] PolynomialLinkedList.java: 32 [INFO]  newNode: 3X^2
[2025-11-29 23:09:25,385] PolynomialLinkedList.java: 33 [INFO] --------------------------------------
[2025-11-29 23:09:25,385] PolynomialLinkedList.java: 38 [INFO] 1. prevNode(), nextNode(3X^4)
[2025-11-29 23:09:25,385] PolynomialLinkedList.java: 65 [INFO] 3. fetch nextNode:7
[2025-11-29 23:09:25,385] PolynomialLinkedList.java: 38 [INFO] 1. prevNode(3X^4), nextNode(7)
[2025-11-29 23:09:25,385] PolynomialLinkedList.java: 41 [INFO] 2. newNode(3X^2) > nextNode(7)
[2025-11-29 23:09:25,386] PolynomialLinkedList.java: 42 [INFO]     +---> insert before nextNode(7)
[2025-11-29 23:09:25,386] PolynomialLinkedList.java:131 [INFO] +Summarization of new Poly------------
[2025-11-29 23:09:25,386] PolynomialLinkedList.java:134 [INFO]      addTerm: 3X^2
[2025-11-29 23:09:25,386] PolynomialLinkedList.java:138 [INFO]    termCount: 3
[2025-11-29 23:09:25,386] PolynomialLinkedList.java:139 [INFO]       degree: 4
[2025-11-29 23:09:25,386] PolynomialLinkedList.java:140 [INFO]    polyTerms: [3, 4][3, 2][7, 0]
[2025-11-29 23:09:25,386] PolynomialLinkedList.java:141 [INFO] --------------------------------------

[2025-11-29 23:09:25,386] PolynomialLinkedList.java: 31 [INFO] --------------------------------------
[2025-11-29 23:09:25,387] PolynomialLinkedList.java: 32 [INFO]  newNode: 9X^3
[2025-11-29 23:09:25,387] PolynomialLinkedList.java: 33 [INFO] --------------------------------------
[2025-11-29 23:09:25,387] PolynomialLinkedList.java: 38 [INFO] 1. prevNode(), nextNode(3X^4)
[2025-11-29 23:09:25,387] PolynomialLinkedList.java: 65 [INFO] 3. fetch nextNode:3X^2
[2025-11-29 23:09:25,387] PolynomialLinkedList.java: 38 [INFO] 1. prevNode(3X^4), nextNode(3X^2)
[2025-11-29 23:09:25,387] PolynomialLinkedList.java: 41 [INFO] 2. newNode(9X^3) > nextNode(3X^2)
[2025-11-29 23:09:25,387] PolynomialLinkedList.java: 42 [INFO]     +---> insert before nextNode(3X^2)
[2025-11-29 23:09:25,387] PolynomialLinkedList.java:131 [INFO] +Summarization of new Poly------------
[2025-11-29 23:09:25,388] PolynomialLinkedList.java:134 [INFO]      addTerm: 9X^3
[2025-11-29 23:09:25,388] PolynomialLinkedList.java:138 [INFO]    termCount: 4
[2025-11-29 23:09:25,388] PolynomialLinkedList.java:139 [INFO]       degree: 4
[2025-11-29 23:09:25,388] PolynomialLinkedList.java:140 [INFO]    polyTerms: [3, 4][9, 3][3, 2][7, 0]
[2025-11-29 23:09:25,388] PolynomialLinkedList.java:141 [INFO] --------------------------------------

[2025-11-29 23:09:25,388] PolynomialLinkedList.java: 85 [INFO] --------------------------------------
[2025-11-29 23:09:25,388] PolynomialLinkedList.java: 86 [INFO]  removeNode: 1
[2025-11-29 23:09:25,388] PolynomialLinkedList.java: 87 [INFO] --------------------------------------
[2025-11-29 23:09:25,389] PolynomialLinkedList.java: 92 [INFO] 1. prevNode(), nextNode(3X^4)
[2025-11-29 23:09:25,389] PolynomialLinkedList.java:101 [INFO] 3. fetch nextNode:9X^3
[2025-11-29 23:09:25,389] PolynomialLinkedList.java: 92 [INFO] 1. prevNode(3X^4), nextNode(9X^3)
[2025-11-29 23:09:25,389] PolynomialLinkedList.java:101 [INFO] 3. fetch nextNode:3X^2
[2025-11-29 23:09:25,389] PolynomialLinkedList.java: 92 [INFO] 1. prevNode(9X^3), nextNode(3X^2)
[2025-11-29 23:09:25,389] PolynomialLinkedList.java:101 [INFO] 3. fetch nextNode:7
[2025-11-29 23:09:25,389] PolynomialLinkedList.java: 92 [INFO] 1. prevNode(3X^2), nextNode(7)
[2025-11-29 23:09:25,389] PolynomialLinkedList.java:101 [INFO] 3. fetch nextNode:null
[2025-11-29 23:09:25,389] PolynomialLinkedList.java:131 [INFO] +Summarization of new Poly------------
[2025-11-29 23:09:25,390] PolynomialLinkedList.java:136 [INFO]   removeTerm: 1
[2025-11-29 23:09:25,390] PolynomialLinkedList.java:138 [INFO]    termCount: 4
[2025-11-29 23:09:25,390] PolynomialLinkedList.java:139 [INFO]       degree: 4
[2025-11-29 23:09:25,390] PolynomialLinkedList.java:140 [INFO]    polyTerms: [3, 4][9, 3][3, 2][7, 0]
[2025-11-29 23:09:25,390] PolynomialLinkedList.java:141 [INFO] --------------------------------------

[2025-11-29 23:09:25,390] PolynomialLinkedList.java: 85 [INFO] --------------------------------------
[2025-11-29 23:09:25,390] PolynomialLinkedList.java: 86 [INFO]  removeNode: 3
[2025-11-29 23:09:25,390] PolynomialLinkedList.java: 87 [INFO] --------------------------------------
[2025-11-29 23:09:25,391] PolynomialLinkedList.java: 92 [INFO] 1. prevNode(), nextNode(3X^4)
[2025-11-29 23:09:25,391] PolynomialLinkedList.java:101 [INFO] 3. fetch nextNode:9X^3
[2025-11-29 23:09:25,391] PolynomialLinkedList.java: 92 [INFO] 1. prevNode(3X^4), nextNode(9X^3)
[2025-11-29 23:09:25,391] PolynomialLinkedList.java: 94 [INFO] 2. removeNode(3) == nextNode(9X^3)
[2025-11-29 23:09:25,391] PolynomialLinkedList.java: 95 [INFO]     +---> remove nextNode(9X^3)
[2025-11-29 23:09:25,391] PolynomialLinkedList.java:131 [INFO] +Summarization of new Poly------------
[2025-11-29 23:09:25,391] PolynomialLinkedList.java:136 [INFO]   removeTerm: 3
[2025-11-29 23:09:25,391] PolynomialLinkedList.java:138 [INFO]    termCount: 3
[2025-11-29 23:09:25,392] PolynomialLinkedList.java:139 [INFO]       degree: 4
[2025-11-29 23:09:25,392] PolynomialLinkedList.java:140 [INFO]    polyTerms: [3, 4][3, 2][7, 0]
[2025-11-29 23:09:25,392] PolynomialLinkedList.java:141 [INFO] --------------------------------------

[2025-11-29 23:09:25,392] PolynomialLinkedListTest.java: 39 [INFO] Final Poly: P(X) = 3X^4 + 3X^2 + 7
[2025-11-29 23:09:25,402] PolynomialLinkedList.java: 31 [INFO] --------------------------------------
[2025-11-29 23:09:25,402] PolynomialLinkedList.java: 32 [INFO]  newNode: 2X^4
[2025-11-29 23:09:25,402] PolynomialLinkedList.java: 33 [INFO] --------------------------------------
[2025-11-29 23:09:25,403] PolynomialLinkedList.java: 74 [INFO] 1. prevNode(null), nextNode(null)
[2025-11-29 23:09:25,403] PolynomialLinkedList.java: 75 [INFO] 2. There is no term, termCount(0).
[2025-11-29 23:09:25,403] PolynomialLinkedList.java: 76 [INFO]     +---> append newNode(2X^4) after head
[2025-11-29 23:09:25,403] PolynomialLinkedList.java:131 [INFO] +Summarization of new Poly------------
[2025-11-29 23:09:25,403] PolynomialLinkedList.java:134 [INFO]      addTerm: 2X^4
[2025-11-29 23:09:25,403] PolynomialLinkedList.java:138 [INFO]    termCount: 1
[2025-11-29 23:09:25,403] PolynomialLinkedList.java:139 [INFO]       degree: 4
[2025-11-29 23:09:25,404] PolynomialLinkedList.java:140 [INFO]    polyTerms: [2, 4]
[2025-11-29 23:09:25,404] PolynomialLinkedList.java:141 [INFO] --------------------------------------

[2025-11-29 23:09:25,404] PolynomialLinkedList.java: 31 [INFO] --------------------------------------
[2025-11-29 23:09:25,404] PolynomialLinkedList.java: 32 [INFO]  newNode: 5X^3
[2025-11-29 23:09:25,404] PolynomialLinkedList.java: 33 [INFO] --------------------------------------
[2025-11-29 23:09:25,404] PolynomialLinkedList.java: 38 [INFO] 1. prevNode(), nextNode(2X^4)
[2025-11-29 23:09:25,405] PolynomialLinkedList.java: 57 [INFO] 2. newNode(5X^3) < nextNode(2X^4) and nextNode.getLink() is null
[2025-11-29 23:09:25,405] PolynomialLinkedList.java: 58 [INFO]     +---> append after nextNode(2X^4), because it's last!
[2025-11-29 23:09:25,405] PolynomialLinkedList.java:131 [INFO] +Summarization of new Poly------------
[2025-11-29 23:09:25,405] PolynomialLinkedList.java:134 [INFO]      addTerm: 5X^3
[2025-11-29 23:09:25,405] PolynomialLinkedList.java:138 [INFO]    termCount: 2
[2025-11-29 23:09:25,406] PolynomialLinkedList.java:139 [INFO]       degree: 4
[2025-11-29 23:09:25,406] PolynomialLinkedList.java:140 [INFO]    polyTerms: [2, 4][5, 3]
[2025-11-29 23:09:25,406] PolynomialLinkedList.java:141 [INFO] --------------------------------------

[2025-11-29 23:09:25,406] PolynomialLinkedList.java: 31 [INFO] --------------------------------------
[2025-11-29 23:09:25,406] PolynomialLinkedList.java: 32 [INFO]  newNode: 12X
[2025-11-29 23:09:25,406] PolynomialLinkedList.java: 33 [INFO] --------------------------------------
[2025-11-29 23:09:25,406] PolynomialLinkedList.java: 38 [INFO] 1. prevNode(), nextNode(2X^4)
[2025-11-29 23:09:25,406] PolynomialLinkedList.java: 65 [INFO] 3. fetch nextNode:5X^3
[2025-11-29 23:09:25,406] PolynomialLinkedList.java: 38 [INFO] 1. prevNode(2X^4), nextNode(5X^3)
[2025-11-29 23:09:25,407] PolynomialLinkedList.java: 57 [INFO] 2. newNode(12X) < nextNode(5X^3) and nextNode.getLink() is null
[2025-11-29 23:09:25,407] PolynomialLinkedList.java: 58 [INFO]     +---> append after nextNode(5X^3), because it's last!
[2025-11-29 23:09:25,407] PolynomialLinkedList.java:131 [INFO] +Summarization of new Poly------------
[2025-11-29 23:09:25,407] PolynomialLinkedList.java:134 [INFO]      addTerm: 12X
[2025-11-29 23:09:25,407] PolynomialLinkedList.java:138 [INFO]    termCount: 3
[2025-11-29 23:09:25,407] PolynomialLinkedList.java:139 [INFO]       degree: 4
[2025-11-29 23:09:25,407] PolynomialLinkedList.java:140 [INFO]    polyTerms: [2, 4][5, 3][12, 1]
[2025-11-29 23:09:25,408] PolynomialLinkedList.java:141 [INFO] --------------------------------------

[2025-11-29 23:09:25,408] PolynomialLinkedList.java: 31 [INFO] --------------------------------------
[2025-11-29 23:09:25,408] PolynomialLinkedList.java: 32 [INFO]  newNode: 3
[2025-11-29 23:09:25,408] PolynomialLinkedList.java: 33 [INFO] --------------------------------------
[2025-11-29 23:09:25,411] PolynomialLinkedList.java: 38 [INFO] 1. prevNode(), nextNode(2X^4)
[2025-11-29 23:09:25,411] PolynomialLinkedList.java: 65 [INFO] 3. fetch nextNode:5X^3
[2025-11-29 23:09:25,411] PolynomialLinkedList.java: 38 [INFO] 1. prevNode(2X^4), nextNode(5X^3)
[2025-11-29 23:09:25,413] PolynomialLinkedList.java: 65 [INFO] 3. fetch nextNode:12X
[2025-11-29 23:09:25,413] PolynomialLinkedList.java: 38 [INFO] 1. prevNode(5X^3), nextNode(12X)
[2025-11-29 23:09:25,413] PolynomialLinkedList.java: 57 [INFO] 2. newNode(3) < nextNode(12X) and nextNode.getLink() is null
[2025-11-29 23:09:25,413] PolynomialLinkedList.java: 58 [INFO]     +---> append after nextNode(12X), because it's last!
[2025-11-29 23:09:25,413] PolynomialLinkedList.java:131 [INFO] +Summarization of new Poly------------
[2025-11-29 23:09:25,413] PolynomialLinkedList.java:134 [INFO]      addTerm: 3
[2025-11-29 23:09:25,414] PolynomialLinkedList.java:138 [INFO]    termCount: 4
[2025-11-29 23:09:25,414] PolynomialLinkedList.java:139 [INFO]       degree: 4
[2025-11-29 23:09:25,414] PolynomialLinkedList.java:140 [INFO]    polyTerms: [2, 4][5, 3][12, 1][3, 0]
[2025-11-29 23:09:25,414] PolynomialLinkedList.java:141 [INFO] --------------------------------------

[2025-11-29 23:09:25,414] PolynomialLinkedListTest.java: 53 [INFO] Final Poly p2: P(X) = 2X^4 + 5X^3 + 12X + 3
[2025-11-29 23:09:25,416] PolynomialLinkedList.java: 31 [INFO] --------------------------------------
[2025-11-29 23:09:25,416] PolynomialLinkedList.java: 32 [INFO]  newNode: 3X^4
[2025-11-29 23:09:25,416] PolynomialLinkedList.java: 33 [INFO] --------------------------------------
[2025-11-29 23:09:25,416] PolynomialLinkedList.java: 74 [INFO] 1. prevNode(null), nextNode(null)
[2025-11-29 23:09:25,416] PolynomialLinkedList.java: 75 [INFO] 2. There is no term, termCount(0).
[2025-11-29 23:09:25,416] PolynomialLinkedList.java: 76 [INFO]     +---> append newNode(3X^4) after head
[2025-11-29 23:09:25,416] PolynomialLinkedList.java:131 [INFO] +Summarization of new Poly------------
[2025-11-29 23:09:25,416] PolynomialLinkedList.java:134 [INFO]      addTerm: 3X^4
[2025-11-29 23:09:25,417] PolynomialLinkedList.java:138 [INFO]    termCount: 1
[2025-11-29 23:09:25,417] PolynomialLinkedList.java:139 [INFO]       degree: 4
[2025-11-29 23:09:25,417] PolynomialLinkedList.java:140 [INFO]    polyTerms: [3, 4]
[2025-11-29 23:09:25,418] PolynomialLinkedList.java:141 [INFO] --------------------------------------

[2025-11-29 23:09:25,418] PolynomialLinkedList.java: 31 [INFO] --------------------------------------
[2025-11-29 23:09:25,418] PolynomialLinkedList.java: 32 [INFO]  newNode: 3X^2
[2025-11-29 23:09:25,418] PolynomialLinkedList.java: 33 [INFO] --------------------------------------
[2025-11-29 23:09:25,418] PolynomialLinkedList.java: 38 [INFO] 1. prevNode(), nextNode(3X^4)
[2025-11-29 23:09:25,419] PolynomialLinkedList.java: 57 [INFO] 2. newNode(3X^2) < nextNode(3X^4) and nextNode.getLink() is null
[2025-11-29 23:09:25,419] PolynomialLinkedList.java: 58 [INFO]     +---> append after nextNode(3X^4), because it's last!
[2025-11-29 23:09:25,419] PolynomialLinkedList.java:131 [INFO] +Summarization of new Poly------------
[2025-11-29 23:09:25,419] PolynomialLinkedList.java:134 [INFO]      addTerm: 3X^2
[2025-11-29 23:09:25,419] PolynomialLinkedList.java:138 [INFO]    termCount: 2
[2025-11-29 23:09:25,419] PolynomialLinkedList.java:139 [INFO]       degree: 4
[2025-11-29 23:09:25,419] PolynomialLinkedList.java:140 [INFO]    polyTerms: [3, 4][3, 2]
[2025-11-29 23:09:25,420] PolynomialLinkedList.java:141 [INFO] --------------------------------------

[2025-11-29 23:09:25,420] PolynomialLinkedList.java: 31 [INFO] --------------------------------------
[2025-11-29 23:09:25,420] PolynomialLinkedList.java: 32 [INFO]  newNode: 7
[2025-11-29 23:09:25,420] PolynomialLinkedList.java: 33 [INFO] --------------------------------------
[2025-11-29 23:09:25,420] PolynomialLinkedList.java: 38 [INFO] 1. prevNode(), nextNode(3X^4)
[2025-11-29 23:09:25,420] PolynomialLinkedList.java: 65 [INFO] 3. fetch nextNode:3X^2
[2025-11-29 23:09:25,420] PolynomialLinkedList.java: 38 [INFO] 1. prevNode(3X^4), nextNode(3X^2)
[2025-11-29 23:09:25,420] PolynomialLinkedList.java: 57 [INFO] 2. newNode(7) < nextNode(3X^2) and nextNode.getLink() is null
[2025-11-29 23:09:25,420] PolynomialLinkedList.java: 58 [INFO]     +---> append after nextNode(3X^2), because it's last!
[2025-11-29 23:09:25,421] PolynomialLinkedList.java:131 [INFO] +Summarization of new Poly------------
[2025-11-29 23:09:25,421] PolynomialLinkedList.java:134 [INFO]      addTerm: 7
[2025-11-29 23:09:25,421] PolynomialLinkedList.java:138 [INFO]    termCount: 3
[2025-11-29 23:09:25,421] PolynomialLinkedList.java:139 [INFO]       degree: 4
[2025-11-29 23:09:25,421] PolynomialLinkedList.java:140 [INFO]    polyTerms: [3, 4][3, 2][7, 0]
[2025-11-29 23:09:25,421] PolynomialLinkedList.java:141 [INFO] --------------------------------------

[2025-11-29 23:09:25,421] PolynomialLinkedList.java: 31 [INFO] --------------------------------------
[2025-11-29 23:09:25,421] PolynomialLinkedList.java: 32 [INFO]  newNode: 2X^4
[2025-11-29 23:09:25,421] PolynomialLinkedList.java: 33 [INFO] --------------------------------------
[2025-11-29 23:09:25,422] PolynomialLinkedList.java: 38 [INFO] 1. prevNode(), nextNode(3X^4)
[2025-11-29 23:09:25,422] PolynomialLinkedList.java: 49 [INFO] 2. newNode(2X^4) == nextNode(3X^4)
[2025-11-29 23:09:25,422] PolynomialLinkedList.java: 50 [INFO]     +---> update nextNode(3X^4)
[2025-11-29 23:09:25,422] PolynomialLinkedList.java:131 [INFO] +Summarization of new Poly------------
[2025-11-29 23:09:25,422] PolynomialLinkedList.java:134 [INFO]      addTerm: 2X^4
[2025-11-29 23:09:25,422] PolynomialLinkedList.java:138 [INFO]    termCount: 3
[2025-11-29 23:09:25,422] PolynomialLinkedList.java:139 [INFO]       degree: 4
[2025-11-29 23:09:25,422] PolynomialLinkedList.java:140 [INFO]    polyTerms: [5, 4][3, 2][7, 0]
[2025-11-29 23:09:25,422] PolynomialLinkedList.java:141 [INFO] --------------------------------------

[2025-11-29 23:09:25,423] PolynomialLinkedList.java: 31 [INFO] --------------------------------------
[2025-11-29 23:09:25,423] PolynomialLinkedList.java: 32 [INFO]  newNode: 5X^3
[2025-11-29 23:09:25,423] PolynomialLinkedList.java: 33 [INFO] --------------------------------------
[2025-11-29 23:09:25,423] PolynomialLinkedList.java: 38 [INFO] 1. prevNode(), nextNode(5X^4)
[2025-11-29 23:09:25,423] PolynomialLinkedList.java: 65 [INFO] 3. fetch nextNode:3X^2
[2025-11-29 23:09:25,423] PolynomialLinkedList.java: 38 [INFO] 1. prevNode(5X^4), nextNode(3X^2)
[2025-11-29 23:09:25,423] PolynomialLinkedList.java: 41 [INFO] 2. newNode(5X^3) > nextNode(3X^2)
[2025-11-29 23:09:25,423] PolynomialLinkedList.java: 42 [INFO]     +---> insert before nextNode(3X^2)
[2025-11-29 23:09:25,423] PolynomialLinkedList.java:131 [INFO] +Summarization of new Poly------------
[2025-11-29 23:09:25,423] PolynomialLinkedList.java:134 [INFO]      addTerm: 5X^3
[2025-11-29 23:09:25,423] PolynomialLinkedList.java:138 [INFO]    termCount: 4
[2025-11-29 23:09:25,423] PolynomialLinkedList.java:139 [INFO]       degree: 4
[2025-11-29 23:09:25,423] PolynomialLinkedList.java:140 [INFO]    polyTerms: [5, 4][5, 3][3, 2][7, 0]
[2025-11-29 23:09:25,424] PolynomialLinkedList.java:141 [INFO] --------------------------------------

[2025-11-29 23:09:25,424] PolynomialLinkedList.java: 31 [INFO] --------------------------------------
[2025-11-29 23:09:25,424] PolynomialLinkedList.java: 32 [INFO]  newNode: 12X
[2025-11-29 23:09:25,424] PolynomialLinkedList.java: 33 [INFO] --------------------------------------
[2025-11-29 23:09:25,424] PolynomialLinkedList.java: 38 [INFO] 1. prevNode(), nextNode(5X^4)
[2025-11-29 23:09:25,424] PolynomialLinkedList.java: 65 [INFO] 3. fetch nextNode:5X^3
[2025-11-29 23:09:25,424] PolynomialLinkedList.java: 38 [INFO] 1. prevNode(5X^4), nextNode(5X^3)
[2025-11-29 23:09:25,424] PolynomialLinkedList.java: 65 [INFO] 3. fetch nextNode:3X^2
[2025-11-29 23:09:25,424] PolynomialLinkedList.java: 38 [INFO] 1. prevNode(5X^3), nextNode(3X^2)
[2025-11-29 23:09:25,425] PolynomialLinkedList.java: 65 [INFO] 3. fetch nextNode:7
[2025-11-29 23:09:25,425] PolynomialLinkedList.java: 38 [INFO] 1. prevNode(3X^2), nextNode(7)
[2025-11-29 23:09:25,425] PolynomialLinkedList.java: 41 [INFO] 2. newNode(12X) > nextNode(7)
[2025-11-29 23:09:25,425] PolynomialLinkedList.java: 42 [INFO]     +---> insert before nextNode(7)
[2025-11-29 23:09:25,425] PolynomialLinkedList.java:131 [INFO] +Summarization of new Poly------------
[2025-11-29 23:09:25,425] PolynomialLinkedList.java:134 [INFO]      addTerm: 12X
[2025-11-29 23:09:25,425] PolynomialLinkedList.java:138 [INFO]    termCount: 5
[2025-11-29 23:09:25,425] PolynomialLinkedList.java:139 [INFO]       degree: 4
[2025-11-29 23:09:25,425] PolynomialLinkedList.java:140 [INFO]    polyTerms: [5, 4][5, 3][3, 2][12, 1][7, 0]
[2025-11-29 23:09:25,426] PolynomialLinkedList.java:141 [INFO] --------------------------------------

[2025-11-29 23:09:25,426] PolynomialLinkedList.java: 31 [INFO] --------------------------------------
[2025-11-29 23:09:25,426] PolynomialLinkedList.java: 32 [INFO]  newNode: 3
[2025-11-29 23:09:25,426] PolynomialLinkedList.java: 33 [INFO] --------------------------------------
[2025-11-29 23:09:25,426] PolynomialLinkedList.java: 38 [INFO] 1. prevNode(), nextNode(5X^4)
[2025-11-29 23:09:25,426] PolynomialLinkedList.java: 65 [INFO] 3. fetch nextNode:5X^3
[2025-11-29 23:09:25,426] PolynomialLinkedList.java: 38 [INFO] 1. prevNode(5X^4), nextNode(5X^3)
[2025-11-29 23:09:25,426] PolynomialLinkedList.java: 65 [INFO] 3. fetch nextNode:3X^2
[2025-11-29 23:09:25,426] PolynomialLinkedList.java: 38 [INFO] 1. prevNode(5X^3), nextNode(3X^2)
[2025-11-29 23:09:25,426] PolynomialLinkedList.java: 65 [INFO] 3. fetch nextNode:12X
[2025-11-29 23:09:25,426] PolynomialLinkedList.java: 38 [INFO] 1. prevNode(3X^2), nextNode(12X)
[2025-11-29 23:09:25,427] PolynomialLinkedList.java: 65 [INFO] 3. fetch nextNode:7
[2025-11-29 23:09:25,427] PolynomialLinkedList.java: 38 [INFO] 1. prevNode(12X), nextNode(7)
[2025-11-29 23:09:25,427] PolynomialLinkedList.java: 49 [INFO] 2. newNode(3) == nextNode(7)
[2025-11-29 23:09:25,427] PolynomialLinkedList.java: 50 [INFO]     +---> update nextNode(7)
[2025-11-29 23:09:25,427] PolynomialLinkedList.java:131 [INFO] +Summarization of new Poly------------
[2025-11-29 23:09:25,427] PolynomialLinkedList.java:134 [INFO]      addTerm: 3
[2025-11-29 23:09:25,427] PolynomialLinkedList.java:138 [INFO]    termCount: 5
[2025-11-29 23:09:25,427] PolynomialLinkedList.java:139 [INFO]       degree: 4
[2025-11-29 23:09:25,427] PolynomialLinkedList.java:140 [INFO]    polyTerms: [5, 4][5, 3][3, 2][12, 1][10, 0]
[2025-11-29 23:09:25,427] PolynomialLinkedList.java:141 [INFO] --------------------------------------

[2025-11-29 23:09:25,427] PolynomialLinkedListTest.java: 60 [INFO]     p1 --> P(X) = 3X^4 + 3X^2 + 7
[2025-11-29 23:09:25,427] PolynomialLinkedListTest.java: 61 [INFO]     p2 --> P(X) = 2X^4 + 5X^3 + 12X + 3
[2025-11-29 23:09:25,427] PolynomialLinkedListTest.java: 62 [INFO]  p1+p2 --> P(X) = 5X^4 + 5X^3 + 3X^2 + 12X + 10
